[0.003s] Invoking command in '/home/qiaoqiaochen/appdata/canros/src/tower_crane/build/tower_crane': CMAKE_PREFIX_PATH=/opt/ros/humble /usr/bin/cmake /home/qiaoqiaochen/appdata/canros/src/tower_crane -DCMAKE_INSTALL_PREFIX=/home/qiaoqiaochen/appdata/canros/src/tower_crane/install/tower_crane
[0.059s] -- The C compiler identification is GNU 11.4.0
[0.097s] -- The CXX compiler identification is GNU 11.4.0
[0.101s] -- Detecting C compiler ABI info
[0.127s] -- Detecting C compiler ABI info - done
[0.130s] -- Check for working C compiler: /usr/bin/cc - skipped
[0.131s] -- Detecting C compile features
[0.132s] -- Detecting C compile features - done
[0.133s] -- Detecting CXX compiler ABI info
[0.164s] -- Detecting CXX compiler ABI info - done
[0.168s] -- Check for working CXX compiler: /usr/bin/c++ - skipped
[0.168s] -- Detecting CXX compile features
[0.168s] -- Detecting CXX compile features - done
[0.170s] -- Found ament_cmake: 1.3.12 (/opt/ros/humble/share/ament_cmake/cmake)
[0.233s] -- Found Python3: /usr/bin/python3 (found version "3.10.12") found components: Interpreter 
[0.276s] CMake Error at CMakeLists.txt:13 (find_package):
[0.277s]   By not providing "Findcanopen_core.cmake" in CMAKE_MODULE_PATH this project
[0.277s]   has asked CMake to find a package configuration file provided by
[0.277s]   "canopen_core", but CMake did not find one.
[0.277s] 
[0.277s]   Could not find a package configuration file provided by "canopen_core" with
[0.277s]   any of the following names:
[0.277s] 
[0.277s]     canopen_coreConfig.cmake
[0.277s]     canopen_core-config.cmake
[0.277s] 
[0.277s]   Add the installation prefix of "canopen_core" to CMAKE_PREFIX_PATH or set
[0.277s]   "canopen_core_DIR" to a directory containing one of the above files.  If
[0.277s]   "canopen_core" provides a separate development package or SDK, be sure it
[0.277s]   has been installed.
[0.277s] 
[0.277s] 
[0.277s] -- Configuring incomplete, errors occurred!
[0.277s] See also "/home/qiaoqiaochen/appdata/canros/src/tower_crane/build/tower_crane/CMakeFiles/CMakeOutput.log".
[0.279s] Invoked command in '/home/qiaoqiaochen/appdata/canros/src/tower_crane/build/tower_crane' returned '1': CMAKE_PREFIX_PATH=/opt/ros/humble /usr/bin/cmake /home/qiaoqiaochen/appdata/canros/src/tower_crane -DCMAKE_INSTALL_PREFIX=/home/qiaoqiaochen/appdata/canros/src/tower_crane/install/tower_crane
