[0.044s] DEBUG:colcon:Command line arguments: ['/usr/bin/colcon', 'build', '--packages-select', 'tower_crane']
[0.044s] DEBUG:colcon:Parsed command line arguments: Namespace(log_base=None, log_level=None, verb_name='build', build_base='build', install_base='install', merge_install=False, symlink_install=False, test_result_base=None, continue_on_error=False, executor='parallel', parallel_workers=32, event_handlers=None, ignore_user_meta=False, metas=['./colcon.meta'], base_paths=['.'], packages_ignore=None, packages_ignore_regex=None, paths=None, packages_up_to=None, packages_up_to_regex=None, packages_above=None, packages_above_and_dependencies=None, packages_above_depth=None, packages_select_by_dep=None, packages_skip_by_dep=None, packages_skip_up_to=None, packages_select_build_failed=False, packages_skip_build_finished=False, packages_select_test_failures=False, packages_skip_test_passed=False, packages_select=['tower_crane'], packages_skip=None, packages_select_regex=None, packages_skip_regex=None, packages_start=None, packages_end=None, allow_overriding=[], cmake_args=None, cmake_target=None, cmake_target_skip_unavailable=False, cmake_clean_cache=False, cmake_clean_first=False, cmake_force_configure=False, ament_cmake_args=None, catkin_cmake_args=None, catkin_skip_building_tests=False, mixin_files=None, mixin=None, verb_parser=<colcon_mixin.mixin.mixin_argument.MixinArgumentDecorator object at 0x7fa718adf040>, verb_extension=<colcon_core.verb.build.BuildVerb object at 0x7fa718a9cb80>, main=<bound method BuildVerb.main of <colcon_core.verb.build.BuildVerb object at 0x7fa718a9cb80>>, mixin_verb=('build',))
[0.124s] Level 1:colcon.colcon_core.package_discovery:discover_packages(colcon_meta) check parameters
[0.125s] Level 1:colcon.colcon_core.package_discovery:discover_packages(recursive) check parameters
[0.125s] Level 1:colcon.colcon_core.package_discovery:discover_packages(ignore) check parameters
[0.125s] Level 1:colcon.colcon_core.package_discovery:discover_packages(path) check parameters
[0.125s] Level 1:colcon.colcon_core.package_discovery:discover_packages(colcon_meta) discover
[0.125s] Level 1:colcon.colcon_core.package_discovery:discover_packages(recursive) discover
[0.125s] INFO:colcon.colcon_core.package_discovery:Crawling recursively for packages in '/home/qiaoqiaochen/appdata/canros/src/tower_crane'
[0.125s] Level 1:colcon.colcon_core.package_identification:_identify(.) by extensions ['ignore', 'ignore_ament_install']
[0.125s] Level 1:colcon.colcon_core.package_identification:_identify(.) by extension 'ignore'
[0.125s] Level 1:colcon.colcon_core.package_identification:_identify(.) by extension 'ignore_ament_install'
[0.125s] Level 1:colcon.colcon_core.package_identification:_identify(.) by extensions ['colcon_pkg']
[0.125s] Level 1:colcon.colcon_core.package_identification:_identify(.) by extension 'colcon_pkg'
[0.125s] Level 1:colcon.colcon_core.package_identification:_identify(.) by extensions ['colcon_meta']
[0.125s] Level 1:colcon.colcon_core.package_identification:_identify(.) by extension 'colcon_meta'
[0.125s] Level 1:colcon.colcon_core.package_identification:_identify(.) by extensions ['ros']
[0.125s] Level 1:colcon.colcon_core.package_identification:_identify(.) by extension 'ros'
[0.130s] DEBUG:colcon.colcon_core.package_identification:Package '.' with type 'ros.ament_cmake' and name 'tower_crane'
[0.130s] Level 1:colcon.colcon_core.package_discovery:discover_packages(recursive) using defaults
[0.130s] Level 1:colcon.colcon_core.package_discovery:discover_packages(ignore) discover
[0.130s] Level 1:colcon.colcon_core.package_discovery:discover_packages(ignore) using defaults
[0.130s] Level 1:colcon.colcon_core.package_discovery:discover_packages(path) discover
[0.131s] Level 1:colcon.colcon_core.package_discovery:discover_packages(path) using defaults
[0.143s] Level 1:colcon.colcon_core.package_discovery:discover_packages(prefix_path) check parameters
[0.143s] Level 1:colcon.colcon_core.package_discovery:discover_packages(prefix_path) discover
[0.145s] DEBUG:colcon.colcon_installed_package_information.package_discovery:Found 375 installed packages in /opt/ros/humble
[0.145s] Level 1:colcon.colcon_core.package_discovery:discover_packages(prefix_path) using defaults
[0.163s] Level 5:colcon.colcon_core.verb:set package 'tower_crane' build argument 'cmake_args' from command line to 'None'
[0.163s] Level 5:colcon.colcon_core.verb:set package 'tower_crane' build argument 'cmake_target' from command line to 'None'
[0.163s] Level 5:colcon.colcon_core.verb:set package 'tower_crane' build argument 'cmake_target_skip_unavailable' from command line to 'False'
[0.163s] Level 5:colcon.colcon_core.verb:set package 'tower_crane' build argument 'cmake_clean_cache' from command line to 'False'
[0.163s] Level 5:colcon.colcon_core.verb:set package 'tower_crane' build argument 'cmake_clean_first' from command line to 'False'
[0.163s] Level 5:colcon.colcon_core.verb:set package 'tower_crane' build argument 'cmake_force_configure' from command line to 'False'
[0.163s] Level 5:colcon.colcon_core.verb:set package 'tower_crane' build argument 'ament_cmake_args' from command line to 'None'
[0.163s] Level 5:colcon.colcon_core.verb:set package 'tower_crane' build argument 'catkin_cmake_args' from command line to 'None'
[0.163s] Level 5:colcon.colcon_core.verb:set package 'tower_crane' build argument 'catkin_skip_building_tests' from command line to 'False'
[0.163s] DEBUG:colcon.colcon_core.verb:Building package 'tower_crane' with the following arguments: {'ament_cmake_args': None, 'build_base': '/home/qiaoqiaochen/appdata/canros/src/tower_crane/build/tower_crane', 'catkin_cmake_args': None, 'catkin_skip_building_tests': False, 'cmake_args': None, 'cmake_clean_cache': False, 'cmake_clean_first': False, 'cmake_force_configure': False, 'cmake_target': None, 'cmake_target_skip_unavailable': False, 'install_base': '/home/qiaoqiaochen/appdata/canros/src/tower_crane/install/tower_crane', 'merge_install': False, 'path': '/home/qiaoqiaochen/appdata/canros/src/tower_crane', 'symlink_install': False, 'test_result_base': None}
[0.163s] INFO:colcon.colcon_core.executor:Executing jobs using 'parallel' executor
[0.164s] DEBUG:colcon.colcon_parallel_executor.executor.parallel:run_until_complete
[0.164s] INFO:colcon.colcon_ros.task.ament_cmake.build:Building ROS package in '/home/qiaoqiaochen/appdata/canros/src/tower_crane' with build type 'ament_cmake'
[0.164s] INFO:colcon.colcon_cmake.task.cmake.build:Building CMake package in '/home/qiaoqiaochen/appdata/canros/src/tower_crane'
[0.165s] INFO:colcon.colcon_core.plugin_system:Skipping extension 'colcon_core.shell.bat': Not used on non-Windows systems
[0.165s] INFO:colcon.colcon_core.shell:Skip shell extension 'powershell' for command environment: Not usable outside of PowerShell
[0.165s] DEBUG:colcon.colcon_core.shell:Skip shell extension 'dsv' for command environment
[0.167s] DEBUG:colcon.colcon_core.event_handler.log_command:Invoking command in '/home/qiaoqiaochen/appdata/canros/src/tower_crane/build/tower_crane': CMAKE_PREFIX_PATH=/opt/ros/humble /usr/bin/cmake /home/qiaoqiaochen/appdata/canros/src/tower_crane -DCMAKE_INSTALL_PREFIX=/home/qiaoqiaochen/appdata/canros/src/tower_crane/install/tower_crane
[0.443s] DEBUG:colcon.colcon_core.event_handler.log_command:Invoked command in '/home/qiaoqiaochen/appdata/canros/src/tower_crane/build/tower_crane' returned '1': CMAKE_PREFIX_PATH=/opt/ros/humble /usr/bin/cmake /home/qiaoqiaochen/appdata/canros/src/tower_crane -DCMAKE_INSTALL_PREFIX=/home/qiaoqiaochen/appdata/canros/src/tower_crane/install/tower_crane
[0.447s] Level 1:colcon.colcon_core.environment:create_environment_scripts_only(tower_crane)
[0.448s] Level 1:colcon.colcon_core.environment:checking '/home/qiaoqiaochen/appdata/canros/src/tower_crane/install/tower_crane' for CMake module files
[0.448s] Level 1:colcon.colcon_core.environment:checking '/home/qiaoqiaochen/appdata/canros/src/tower_crane/install/tower_crane' for CMake config files
[0.449s] Level 1:colcon.colcon_core.environment:checking '/home/qiaoqiaochen/appdata/canros/src/tower_crane/install/tower_crane/bin'
[0.449s] Level 1:colcon.colcon_core.environment:checking '/home/qiaoqiaochen/appdata/canros/src/tower_crane/install/tower_crane/lib/pkgconfig/tower_crane.pc'
[0.449s] Level 1:colcon.colcon_core.environment:checking '/home/qiaoqiaochen/appdata/canros/src/tower_crane/install/tower_crane/lib/python3.10/site-packages'
[0.449s] Level 1:colcon.colcon_core.environment:checking '/home/qiaoqiaochen/appdata/canros/src/tower_crane/install/tower_crane/bin'
[0.449s] INFO:colcon.colcon_core.shell:Creating package script '/home/qiaoqiaochen/appdata/canros/src/tower_crane/install/tower_crane/share/tower_crane/package.ps1'
[0.449s] INFO:colcon.colcon_core.shell:Creating package descriptor '/home/qiaoqiaochen/appdata/canros/src/tower_crane/install/tower_crane/share/tower_crane/package.dsv'
[0.449s] INFO:colcon.colcon_core.shell:Creating package script '/home/qiaoqiaochen/appdata/canros/src/tower_crane/install/tower_crane/share/tower_crane/package.sh'
[0.450s] INFO:colcon.colcon_core.shell:Creating package script '/home/qiaoqiaochen/appdata/canros/src/tower_crane/install/tower_crane/share/tower_crane/package.bash'
[0.450s] INFO:colcon.colcon_core.shell:Creating package script '/home/qiaoqiaochen/appdata/canros/src/tower_crane/install/tower_crane/share/tower_crane/package.zsh'
[0.450s] Level 1:colcon.colcon_core.environment:create_file_with_runtime_dependencies(/home/qiaoqiaochen/appdata/canros/src/tower_crane/install/tower_crane/share/colcon-core/packages/tower_crane)
[0.460s] DEBUG:colcon.colcon_parallel_executor.executor.parallel:closing loop
[0.460s] DEBUG:colcon.colcon_parallel_executor.executor.parallel:loop closed
[0.461s] DEBUG:colcon.colcon_parallel_executor.executor.parallel:run_until_complete finished with '1'
[0.461s] DEBUG:colcon.colcon_core.event_reactor:joining thread
[0.463s] INFO:colcon.colcon_core.plugin_system:Skipping extension 'colcon_notification.desktop_notification.terminal_notifier': Not used on non-Darwin systems
[0.463s] INFO:colcon.colcon_core.plugin_system:Skipping extension 'colcon_notification.desktop_notification.win32': Not used on non-Windows systems
[0.463s] INFO:colcon.colcon_notification.desktop_notification:Sending desktop notification using 'notify2'
[0.468s] DEBUG:colcon.colcon_core.event_reactor:joined thread
[0.468s] INFO:colcon.colcon_core.shell:Creating prefix script '/home/qiaoqiaochen/appdata/canros/src/tower_crane/install/local_setup.ps1'
[0.469s] INFO:colcon.colcon_core.shell:Creating prefix util module '/home/qiaoqiaochen/appdata/canros/src/tower_crane/install/_local_setup_util_ps1.py'
[0.469s] INFO:colcon.colcon_core.shell:Creating prefix chain script '/home/qiaoqiaochen/appdata/canros/src/tower_crane/install/setup.ps1'
[0.470s] INFO:colcon.colcon_core.shell:Creating prefix script '/home/qiaoqiaochen/appdata/canros/src/tower_crane/install/local_setup.sh'
[0.470s] INFO:colcon.colcon_core.shell:Creating prefix util module '/home/qiaoqiaochen/appdata/canros/src/tower_crane/install/_local_setup_util_sh.py'
[0.470s] INFO:colcon.colcon_core.shell:Creating prefix chain script '/home/qiaoqiaochen/appdata/canros/src/tower_crane/install/setup.sh'
[0.470s] INFO:colcon.colcon_core.shell:Creating prefix script '/home/qiaoqiaochen/appdata/canros/src/tower_crane/install/local_setup.bash'
[0.470s] INFO:colcon.colcon_core.shell:Creating prefix chain script '/home/qiaoqiaochen/appdata/canros/src/tower_crane/install/setup.bash'
[0.471s] INFO:colcon.colcon_core.shell:Creating prefix script '/home/qiaoqiaochen/appdata/canros/src/tower_crane/install/local_setup.zsh'
[0.471s] INFO:colcon.colcon_core.shell:Creating prefix chain script '/home/qiaoqiaochen/appdata/canros/src/tower_crane/install/setup.zsh'
